[debug] [2021-11-12T11:56:44.714Z] ----------------------------------------------------------------------
[debug] [2021-11-12T11:56:44.717Z] Command:       /usr/bin/node /usr/bin/firebase emulators:start
[debug] [2021-11-12T11:56:44.718Z] CLI Version:   9.21.0
[debug] [2021-11-12T11:56:44.718Z] Platform:      linux
[debug] [2021-11-12T11:56:44.718Z] Node Version:  v12.22.4
[debug] [2021-11-12T11:56:44.721Z] Time:          Fri Nov 12 2021 12:56:44 GMT+0100 (közép-európai téli idő)
[debug] [2021-11-12T11:56:44.721Z] ----------------------------------------------------------------------
[debug] 
[debug] [2021-11-12T11:56:44.801Z] > command requires scopes: ["email","openid","https://www.googleapis.com/auth/cloudplatformprojects.readonly","https://www.googleapis.com/auth/firebase","https://www.googleapis.com/auth/cloud-platform"]
[debug] [2021-11-12T11:56:44.802Z] > authorizing via signed-in user (karpad2@gmail.com)
[info] i  emulators: Starting emulators: functions, firestore, hosting, storage {"metadata":{"emulator":{"name":"hub"},"message":"Starting emulators: functions, firestore, hosting, storage"}}
[debug] [2021-11-12T11:56:44.846Z] [hub] writing locator at /tmp/hub-su-library-archive.json
[warn] ⚠  functions: The following emulators are not running, calls to these services from the Functions emulator will affect production: auth, database, pubsub {"metadata":{"emulator":{"name":"functions"},"message":"The following emulators are not running, calls to these services from the Functions emulator will affect production: \u001b[1mauth, database, pubsub\u001b[22m"}}
[warn] ⚠  Your requested "node" version "14" doesn't match your global version "12" {"metadata":{"emulator":{"name":"functions"},"message":"Your requested \"node\" version \"14\" doesn't match your global version \"12\""}}
[debug] [2021-11-12T11:56:44.959Z] defaultcredentials: writing to file /home/karpad2/.config/firebase/karpad2_gmail_com_application_default_credentials.json
[debug] [2021-11-12T11:56:44.971Z] Setting GAC to /home/karpad2/.config/firebase/karpad2_gmail_com_application_default_credentials.json {"metadata":{"emulator":{"name":"functions"},"message":"Setting GAC to /home/karpad2/.config/firebase/karpad2_gmail_com_application_default_credentials.json"}}
[debug] [2021-11-12T11:56:44.975Z] > refreshing access token with scopes: []
[debug] [2021-11-12T11:56:44.977Z] >>> HTTP REQUEST POST https://www.googleapis.com/oauth2/v3/token  
 <request body omitted>
[debug] [2021-11-12T11:56:45.313Z] <<< HTTP RESPONSE 200 {"cache-control":"no-cache, no-store, max-age=0, must-revalidate","pragma":"no-cache","date":"Fri, 12 Nov 2021 11:56:45 GMT","expires":"Mon, 01 Jan 1990 00:00:00 GMT","content-type":"application/json; charset=utf-8","vary":"X-Origin, Referer, Origin,Accept-Encoding","server":"scaffolding on HTTPServer2","x-xss-protection":"0","x-frame-options":"SAMEORIGIN","x-content-type-options":"nosniff","alt-svc":"clear","accept-ranges":"none","transfer-encoding":"chunked"}
[debug] [2021-11-12T11:56:45.328Z] >>> [apiv2][query] GET https://firebase.googleapis.com/v1beta1/projects/su-library-archive/adminSdkConfig [none]
[debug] [2021-11-12T11:56:45.825Z] <<< [apiv2][status] GET https://firebase.googleapis.com/v1beta1/projects/su-library-archive/adminSdkConfig 200
[debug] [2021-11-12T11:56:45.825Z] <<< [apiv2][body] GET https://firebase.googleapis.com/v1beta1/projects/su-library-archive/adminSdkConfig {"projectId":"su-library-archive","databaseURL":"https://su-library-archive-default-rtdb.europe-west1.firebasedatabase.app","storageBucket":"su-library-archive.appspot.com","locationId":"europe-west"}
[debug] [2021-11-12T11:56:45.842Z] Ignoring unsupported arg: projectId {"metadata":{"emulator":{"name":"firestore"},"message":"Ignoring unsupported arg: projectId"}}
[debug] [2021-11-12T11:56:45.842Z] Ignoring unsupported arg: auto_download {"metadata":{"emulator":{"name":"firestore"},"message":"Ignoring unsupported arg: auto_download"}}
[debug] [2021-11-12T11:56:45.843Z] Starting Firestore Emulator with command {"binary":"java","args":["-Dgoogle.cloud_firestore.debug_log_level=FINE","-Duser.language=en","-jar","/home/karpad2/.cache/firebase/emulators/cloud-firestore-emulator-v1.13.1.jar","--host","localhost","--port",5002,"--rules","/home/karpad2/git/su_library_archive/firestore.rules","--functions_emulator","localhost:5001"],"optionalArgs":["port","webchannel_port","host","rules","functions_emulator","seed_from_export"],"joinArgs":false} {"metadata":{"emulator":{"name":"firestore"},"message":"Starting Firestore Emulator with command {\"binary\":\"java\",\"args\":[\"-Dgoogle.cloud_firestore.debug_log_level=FINE\",\"-Duser.language=en\",\"-jar\",\"/home/karpad2/.cache/firebase/emulators/cloud-firestore-emulator-v1.13.1.jar\",\"--host\",\"localhost\",\"--port\",5002,\"--rules\",\"/home/karpad2/git/su_library_archive/firestore.rules\",\"--functions_emulator\",\"localhost:5001\"],\"optionalArgs\":[\"port\",\"webchannel_port\",\"host\",\"rules\",\"functions_emulator\",\"seed_from_export\"],\"joinArgs\":false}"}}
[info] i  firestore: Firestore Emulator logging to firestore-debug.log {"metadata":{"emulator":{"name":"firestore"},"message":"Firestore Emulator logging to \u001b[1mfirestore-debug.log\u001b[22m"}}
[debug] [2021-11-12T11:56:47.621Z] Nov 12, 2021 12:56:47 PM com.google.cloud.datastore.emulator.firestore.websocket.WebSocketServer start
INFO: Started WebSocket server on ws://localhost:33939
 {"metadata":{"emulator":{"name":"firestore"},"message":"Nov 12, 2021 12:56:47 PM com.google.cloud.datastore.emulator.firestore.websocket.WebSocketServer start\nINFO: Started WebSocket server on ws://localhost:33939\n"}}
[debug] [2021-11-12T11:56:47.749Z] API endpoint: http://localhost {"metadata":{"emulator":{"name":"firestore"},"message":"API endpoint: http://localhost"}}
[debug] [2021-11-12T11:56:47.750Z] :5002
If you are using a library that supports the FIRESTORE_EMULATOR_HOST environment variable, run:

   export FIRESTORE_EMULATOR_HOST=localhost:5002

Dev App Server is now running.

 {"metadata":{"emulator":{"name":"firestore"},"message":":5002\nIf you are using a library that supports the FIRESTORE_EMULATOR_HOST environment variable, run:\n\n   export FIRESTORE_EMULATOR_HOST=localhost:5002\n\nDev App Server is now running.\n\n"}}
[debug] [2021-11-12T11:56:47.881Z] Ignoring unsupported arg: port {"metadata":{"emulator":{"name":"storage"},"message":"Ignoring unsupported arg: port"}}
[debug] [2021-11-12T11:56:48.114Z] Temp file directory for storage emulator: /tmp/firebase/storage/blobs {"metadata":{"emulator":{"name":"storage"},"message":"Temp file directory for storage emulator: /tmp/firebase/storage/blobs"}}
[debug] [2021-11-12T11:56:49.413Z] >>> [apiv2][query] GET https://firebasehosting.googleapis.com/v1beta1/projects/su-library-archive/sites 
[debug] [2021-11-12T11:56:50.518Z] <<< [apiv2][status] GET https://firebasehosting.googleapis.com/v1beta1/projects/su-library-archive/sites 200
[debug] [2021-11-12T11:56:50.518Z] <<< [apiv2][body] GET https://firebasehosting.googleapis.com/v1beta1/projects/su-library-archive/sites {"sites":[{"name":"projects/966161933296/sites/su-library-archive","defaultUrl":"https://su-library-archive.web.app","type":"DEFAULT_SITE"}]}
[debug] [2021-11-12T11:56:50.519Z] >>> [apiv2][query] GET https://firebase.googleapis.com/v1beta1/projects/su-library-archive/webApps/-/config [none]
[debug] [2021-11-12T11:56:51.413Z] <<< [apiv2][status] GET https://firebase.googleapis.com/v1beta1/projects/su-library-archive/webApps/-/config 200
[debug] [2021-11-12T11:56:51.414Z] <<< [apiv2][body] GET https://firebase.googleapis.com/v1beta1/projects/su-library-archive/webApps/-/config {"projectId":"su-library-archive","appId":"1:966161933296:web:52e9fe1613e69719c7b335","databaseURL":"https://su-library-archive-default-rtdb.europe-west1.firebasedatabase.app","storageBucket":"su-library-archive.appspot.com","locationId":"europe-west","apiKey":"AIzaSyAonB0SY8vgjwd6GvLg7P8EJ0PpfePn4zY","authDomain":"su-library-archive.firebaseapp.com","messagingSenderId":"966161933296","measurementId":"G-VVKGF5ZHXX"}
[info] i  hosting: Serving hosting files from: dist {"metadata":{"emulator":{"name":"hosting"},"message":"Serving hosting files from: \u001b[1mdist\u001b[22m"}}
[info] ✔  hosting: Local server: http://localhost:5003 {"metadata":{"emulator":{"name":"hosting"},"message":"Local server: \u001b[4m\u001b[1mhttp://localhost:5003\u001b[22m\u001b[24m"}}
[debug] [2021-11-12T11:56:51.453Z] Ignoring unsupported arg: auto_download {"metadata":{"emulator":{"name":"ui"},"message":"Ignoring unsupported arg: auto_download"}}
[debug] [2021-11-12T11:56:51.453Z] Ignoring unsupported arg: port {"metadata":{"emulator":{"name":"ui"},"message":"Ignoring unsupported arg: port"}}
[debug] [2021-11-12T11:56:51.454Z] Starting Emulator UI with command {"binary":"node","args":["/home/karpad2/.cache/firebase/emulators/ui-v1.6.4/server.bundle.js"],"optionalArgs":[],"joinArgs":false} {"metadata":{"emulator":{"name":"ui"},"message":"Starting Emulator UI with command {\"binary\":\"node\",\"args\":[\"/home/karpad2/.cache/firebase/emulators/ui-v1.6.4/server.bundle.js\"],\"optionalArgs\":[],\"joinArgs\":false}"}}
[info] i  ui: Emulator UI logging to ui-debug.log {"metadata":{"emulator":{"name":"ui"},"message":"Emulator UI logging to \u001b[1mui-debug.log\u001b[22m"}}
[debug] [2021-11-12T11:56:51.663Z] Web / API server started at localhost:8000
 {"metadata":{"emulator":{"name":"ui"},"message":"Web / API server started at localhost:8000\n"}}
[info] i  functions: Watching "/home/karpad2/git/su_library_archive/functions" for Cloud Functions... {"metadata":{"emulator":{"name":"functions"},"message":"Watching \"/home/karpad2/git/su_library_archive/functions\" for Cloud Functions..."}}
[debug] [2021-11-12T11:56:51.758Z] [worker-pool] addWorker(~diagnostic~) {"metadata":{"emulator":{"name":"functions"},"message":"[worker-pool] addWorker(~diagnostic~)"}}
[debug] [2021-11-12T11:56:51.759Z] [worker-pool] Adding worker with key ~diagnostic~, total=1 {"metadata":{"emulator":{"name":"functions"},"message":"[worker-pool] Adding worker with key ~diagnostic~, total=1"}}
[debug] [2021-11-12T11:56:51.759Z] [worker-pool] submitWork(triggerId=) {"metadata":{"emulator":{"name":"functions"},"message":"[worker-pool] submitWork(triggerId=)"}}
[debug] [2021-11-12T11:56:51.761Z] [worker-~diagnostic~-9984b47e-046e-423c-ab38-fc03f7a87bd2]: Assigning socketPath: /tmp/fire_emu_25377.sock {"metadata":{"emulator":{"name":"functions"},"message":"[worker-~diagnostic~-9984b47e-046e-423c-ab38-fc03f7a87bd2]: Assigning socketPath: /tmp/fire_emu_25377.sock"}}
[debug] [2021-11-12T11:56:51.764Z] [worker-~diagnostic~-9984b47e-046e-423c-ab38-fc03f7a87bd2]: BUSY {"metadata":{"emulator":{"name":"functions"},"message":"[worker-~diagnostic~-9984b47e-046e-423c-ab38-fc03f7a87bd2]: BUSY"}}
[debug] [2021-11-12T11:56:51.987Z] [runtime-status] [25377] Functions runtime initialized. {"cwd":"/home/karpad2/git/su_library_archive/functions","node_version":"12.22.4"} {"metadata":{"emulator":{"name":"functions"},"message":"[runtime-status] [25377] Functions runtime initialized. {\"cwd\":\"/home/karpad2/git/su_library_archive/functions\",\"node_version\":\"12.22.4\"}"}}
[debug] [2021-11-12T11:56:51.987Z] [runtime-status] [25377] Disabled runtime features: undefined {"metadata":{"emulator":{"name":"functions"},"message":"[runtime-status] [25377] Disabled runtime features: undefined"}}
[debug] [2021-11-12T11:56:51.993Z] [runtime-status] [25377] Resolved module firebase-admin {"declared":true,"installed":true,"version":"9.12.0","resolution":"/home/karpad2/git/su_library_archive/functions/node_modules/firebase-admin/lib/index.js"} {"metadata":{"emulator":{"name":"functions"},"message":"[runtime-status] [25377] Resolved module firebase-admin {\"declared\":true,\"installed\":true,\"version\":\"9.12.0\",\"resolution\":\"/home/karpad2/git/su_library_archive/functions/node_modules/firebase-admin/lib/index.js\"}"}}
[debug] [2021-11-12T11:56:52.008Z] [runtime-status] [25377] Resolved module firebase-functions {"declared":true,"installed":true,"version":"3.16.0","resolution":"/home/karpad2/git/su_library_archive/functions/node_modules/firebase-functions/lib/index.js"} {"metadata":{"emulator":{"name":"functions"},"message":"[runtime-status] [25377] Resolved module firebase-functions {\"declared\":true,\"installed\":true,\"version\":\"3.16.0\",\"resolution\":\"/home/karpad2/git/su_library_archive/functions/node_modules/firebase-functions/lib/index.js\"}"}}
[debug] [2021-11-12T11:56:52.017Z] [runtime-status] [25377] Outgoing network have been stubbed. [{"name":"http","status":"mocked"},{"name":"http","status":"mocked"},{"name":"https","status":"mocked"},{"name":"https","status":"mocked"},{"name":"net","status":"mocked"}] {"metadata":{"emulator":{"name":"functions"},"message":"[runtime-status] [25377] Outgoing network have been stubbed. [{\"name\":\"http\",\"status\":\"mocked\"},{\"name\":\"http\",\"status\":\"mocked\"},{\"name\":\"https\",\"status\":\"mocked\"},{\"name\":\"https\",\"status\":\"mocked\"},{\"name\":\"net\",\"status\":\"mocked\"}]"}}
[debug] [2021-11-12T11:56:52.021Z] [runtime-status] [25377] Resolved module firebase-functions {"declared":true,"installed":true,"version":"3.16.0","resolution":"/home/karpad2/git/su_library_archive/functions/node_modules/firebase-functions/lib/index.js"} {"metadata":{"emulator":{"name":"functions"},"message":"[runtime-status] [25377] Resolved module firebase-functions {\"declared\":true,\"installed\":true,\"version\":\"3.16.0\",\"resolution\":\"/home/karpad2/git/su_library_archive/functions/node_modules/firebase-functions/lib/index.js\"}"}}
[debug] [2021-11-12T11:56:52.121Z] [runtime-status] [25377] Checked functions.config() {"config":{}} {"metadata":{"emulator":{"name":"functions"},"message":"[runtime-status] [25377] Checked functions.config() {\"config\":{}}"}}
[debug] [2021-11-12T11:56:52.125Z] [runtime-status] [25377] firebase-functions has been stubbed. {"functionsResolution":{"declared":true,"installed":true,"version":"3.16.0","resolution":"/home/karpad2/git/su_library_archive/functions/node_modules/firebase-functions/lib/index.js"}} {"metadata":{"emulator":{"name":"functions"},"message":"[runtime-status] [25377] firebase-functions has been stubbed. {\"functionsResolution\":{\"declared\":true,\"installed\":true,\"version\":\"3.16.0\",\"resolution\":\"/home/karpad2/git/su_library_archive/functions/node_modules/firebase-functions/lib/index.js\"}}"}}
[debug] [2021-11-12T11:56:52.126Z] [runtime-status] [25377] Resolved module firebase-functions {"declared":true,"installed":true,"version":"3.16.0","resolution":"/home/karpad2/git/su_library_archive/functions/node_modules/firebase-functions/lib/index.js"} {"metadata":{"emulator":{"name":"functions"},"message":"[runtime-status] [25377] Resolved module firebase-functions {\"declared\":true,\"installed\":true,\"version\":\"3.16.0\",\"resolution\":\"/home/karpad2/git/su_library_archive/functions/node_modules/firebase-functions/lib/index.js\"}"}}
[debug] [2021-11-12T11:56:52.127Z] [runtime-status] [25377] Resolved module firebase-admin {"declared":true,"installed":true,"version":"9.12.0","resolution":"/home/karpad2/git/su_library_archive/functions/node_modules/firebase-admin/lib/index.js"} {"metadata":{"emulator":{"name":"functions"},"message":"[runtime-status] [25377] Resolved module firebase-admin {\"declared\":true,\"installed\":true,\"version\":\"9.12.0\",\"resolution\":\"/home/karpad2/git/su_library_archive/functions/node_modules/firebase-admin/lib/index.js\"}"}}
[debug] [2021-11-12T11:56:52.133Z] [runtime-status] [25377] Resolved module firebase-functions {"declared":true,"installed":true,"version":"3.16.0","resolution":"/home/karpad2/git/su_library_archive/functions/node_modules/firebase-functions/lib/index.js"} {"metadata":{"emulator":{"name":"functions"},"message":"[runtime-status] [25377] Resolved module firebase-functions {\"declared\":true,\"installed\":true,\"version\":\"3.16.0\",\"resolution\":\"/home/karpad2/git/su_library_archive/functions/node_modules/firebase-functions/lib/index.js\"}"}}
[debug] [2021-11-12T11:56:52.135Z] [runtime-status] [25377] firebase-admin has been stubbed. {"adminResolution":{"declared":true,"installed":true,"version":"9.12.0","resolution":"/home/karpad2/git/su_library_archive/functions/node_modules/firebase-admin/lib/index.js"}} {"metadata":{"emulator":{"name":"functions"},"message":"[runtime-status] [25377] firebase-admin has been stubbed. {\"adminResolution\":{\"declared\":true,\"installed\":true,\"version\":\"9.12.0\",\"resolution\":\"/home/karpad2/git/su_library_archive/functions/node_modules/firebase-admin/lib/index.js\"}}"}}
[warn] ⚠  It looks like you're trying to access functions.config().firebase but there is no value there. You can learn more about setting up config here: https://firebase.google.com/docs/functions/local-emulator {"metadata":{"emulator":{"name":"functions"},"message":"It looks like you're trying to access functions.config().firebase but there is no value there. You can learn more about setting up config here: https://firebase.google.com/docs/functions/local-emulator"}}
[debug] [2021-11-12T11:56:52.374Z] [runtime-status] [25377] initializeApp(DEFAULT) {"storageBucket":"su-library-archive.appspot.com","databaseURL":"https://su-library-archive-default-rtdb.europe-west1.firebasedatabase.app","projectId":"su-library-archive"} {"metadata":{"emulator":{"name":"functions"},"message":"[runtime-status] [25377] initializeApp(DEFAULT) {\"storageBucket\":\"su-library-archive.appspot.com\",\"databaseURL\":\"https://su-library-archive-default-rtdb.europe-west1.firebasedatabase.app\",\"projectId\":\"su-library-archive\"}"}}
[debug] [2021-11-12T11:56:52.383Z] addFirestoreTrigger "{\"eventTrigger\":{\"resource\":\"projects/su-library-archive/databases/(default)/documents/users/{userID}/admin\",\"eventType\":\"providers/cloud.firestore/eventTypes/document.update\",\"service\":\"firestore.googleapis.com\"}}"
[debug] [2021-11-12T11:56:52.383Z] >>> HTTP REQUEST PUT http://localhost:5002/emulator/v1/projects/su-library-archive/triggers/us-central1-addroleadmin-0  
 {"eventTrigger":{"resource":"projects/su-library-archive/databases/(default)/documents/users/{userID}/admin","eventType":"providers/cloud.firestore/eventTypes/document.update","service":"firestore.googleapis.com"}}
[debug] [2021-11-12T11:56:52.390Z] [worker-~diagnostic~-9984b47e-046e-423c-ab38-fc03f7a87bd2]: IDLE {"metadata":{"emulator":{"name":"functions"},"message":"[worker-~diagnostic~-9984b47e-046e-423c-ab38-fc03f7a87bd2]: IDLE"}}
[debug] [2021-11-12T11:56:52.411Z] Nov 12, 2021 12:56:52 PM io.gapi.emulators.netty.HttpVersionRoutingHandler channelRead
INFO: Detected non-HTTP/2 connection.
 {"metadata":{"emulator":{"name":"firestore"},"message":"Nov 12, 2021 12:56:52 PM io.gapi.emulators.netty.HttpVersionRoutingHandler channelRead\nINFO: Detected non-HTTP/2 connection.\n"}}
[debug] [2021-11-12T11:56:52.671Z] Nov 12, 2021 12:56:52 PM io.gapi.emulators.netty.HttpVersionRoutingHandler channelRead
INFO: Detected HTTP/2 connection.
 {"metadata":{"emulator":{"name":"firestore"},"message":"Nov 12, 2021 12:56:52 PM io.gapi.emulators.netty.HttpVersionRoutingHandler channelRead\nINFO: Detected HTTP/2 connection.\n"}}
[debug] [2021-11-12T11:56:54.413Z] <<< HTTP RESPONSE 200 {"content-type":"application/json","content-length":"4"}
[info] ✔  functions[us-central1-addroleadmin]: firestore function initialized. {"metadata":{"emulator":{"name":"functions"},"message":"\u001b[1mfirestore\u001b[22m function initialized."}}
[debug] [2021-11-12T11:56:54.415Z] addFirestoreTrigger "{\"eventTrigger\":{\"resource\":\"projects/su-library-archive/databases/(default)/documents/users/{userID}/member\",\"eventType\":\"providers/cloud.firestore/eventTypes/document.update\",\"service\":\"firestore.googleapis.com\"}}"
[debug] [2021-11-12T11:56:54.416Z] >>> HTTP REQUEST PUT http://localhost:5002/emulator/v1/projects/su-library-archive/triggers/us-central1-addrolemember-0  
 {"eventTrigger":{"resource":"projects/su-library-archive/databases/(default)/documents/users/{userID}/member","eventType":"providers/cloud.firestore/eventTypes/document.update","service":"firestore.googleapis.com"}}
[debug] [2021-11-12T11:56:54.428Z] Nov 12, 2021 12:56:54 PM io.gapi.emulators.netty.HttpVersionRoutingHandler channelRead
INFO: Detected non-HTTP/2 connection.
 {"metadata":{"emulator":{"name":"firestore"},"message":"Nov 12, 2021 12:56:54 PM io.gapi.emulators.netty.HttpVersionRoutingHandler channelRead\nINFO: Detected non-HTTP/2 connection.\n"}}
[debug] [2021-11-12T11:56:54.451Z] <<< HTTP RESPONSE 200 {"content-type":"application/json","content-length":"4"}
[info] ✔  functions[us-central1-addrolemember]: firestore function initialized. {"metadata":{"emulator":{"name":"functions"},"message":"\u001b[1mfirestore\u001b[22m function initialized."}}
[debug] [2021-11-12T11:56:54.453Z] addStorageTrigger {"eventTrigger":{"resource":"projects/_/buckets/su-library-archive.appspot.com","eventType":"google.storage.object.finalize","service":"storage.googleapis.com"}}
[info] ✔  functions[us-central1-renderpdftoimage]: storage function initialized. {"metadata":{"emulator":{"name":"functions"},"message":"\u001b[1mstorage\u001b[22m function initialized."}}
[info] ✔  functions[us-central1-buildSitemap]: http function initialized (http://localhost:5001/su-library-archive/us-central1/buildSitemap). {"metadata":{"emulator":{"name":"functions"},"message":"\u001b[1mhttp\u001b[22m function initialized (http://localhost:5001/su-library-archive/us-central1/buildSitemap)."}}
[info] 
┌─────────────────────────────────────────────────────────────┐
│ ✔  All emulators ready! It is now safe to connect your app. │
│ i  View Emulator UI at http://localhost:8000                │
└─────────────────────────────────────────────────────────────┘

┌───────────┬────────────────┬─────────────────────────────────┐
│ Emulator  │ Host:Port      │ View in Emulator UI             │
├───────────┼────────────────┼─────────────────────────────────┤
│ Functions │ localhost:5001 │ http://localhost:8000/functions │
├───────────┼────────────────┼─────────────────────────────────┤
│ Firestore │ localhost:5002 │ http://localhost:8000/firestore │
├───────────┼────────────────┼─────────────────────────────────┤
│ Hosting   │ localhost:5003 │ n/a                             │
├───────────┼────────────────┼─────────────────────────────────┤
│ Storage   │ localhost:5004 │ http://localhost:8000/storage   │
└───────────┴────────────────┴─────────────────────────────────┘
  Emulator Hub running at localhost:4400
  Other reserved ports: 4500

Issues? Report them at https://github.com/firebase/firebase-tools/issues and attach the *-debug.log files.
 
[debug] [2021-11-12T11:57:18.303Z] Nov 12, 2021 12:57:18 PM io.gapi.emulators.netty.HttpVersionRoutingHandler channelRead
INFO: Detected non-HTTP/2 connection.
 {"metadata":{"emulator":{"name":"firestore"},"message":"Nov 12, 2021 12:57:18 PM io.gapi.emulators.netty.HttpVersionRoutingHandler channelRead\nINFO: Detected non-HTTP/2 connection.\n"}}
[debug] [2021-11-12T11:57:18.777Z] Nov 12, 2021 12:57:18 PM com.google.cloud.datastore.emulator.firestore.websocket.WebSocketChannelHandler initChannel
INFO: Connected to new websocket client
 {"metadata":{"emulator":{"name":"firestore"},"message":"Nov 12, 2021 12:57:18 PM com.google.cloud.datastore.emulator.firestore.websocket.WebSocketChannelHandler initChannel\nINFO: Connected to new websocket client\n"}}
[debug] [2021-11-12T11:57:22.284Z] Nov 12, 2021 12:57:22 PM io.gapi.emulators.netty.HttpVersionRoutingHandler channelRead
INFO: Detected non-HTTP/2 connection.
 {"metadata":{"emulator":{"name":"firestore"},"message":"Nov 12, 2021 12:57:22 PM io.gapi.emulators.netty.HttpVersionRoutingHandler channelRead\nINFO: Detected non-HTTP/2 connection.\n"}}
[debug] [2021-11-12T11:57:24.327Z] Nov 12, 2021 12:57:24 PM io.gapi.emulators.netty.HttpVersionRoutingHandler channelRead
INFO: Detected non-HTTP/2 connection.
 {"metadata":{"emulator":{"name":"firestore"},"message":"Nov 12, 2021 12:57:24 PM io.gapi.emulators.netty.HttpVersionRoutingHandler channelRead\nINFO: Detected non-HTTP/2 connection.\n"}}
[debug] [2021-11-12T11:57:26.362Z] Nov 12, 2021 12:57:26 PM io.gapi.emulators.netty.HttpVersionRoutingHandler channelRead
INFO: Detected non-HTTP/2 connection.
 {"metadata":{"emulator":{"name":"firestore"},"message":"Nov 12, 2021 12:57:26 PM io.gapi.emulators.netty.HttpVersionRoutingHandler channelRead\nINFO: Detected non-HTTP/2 connection.\n"}}
[debug] [2021-11-12T11:57:28.408Z] Nov 12, 2021 12:57:28 PM io.gapi.emulators.netty.HttpVersionRoutingHandler channelRead
INFO: Detected non-HTTP/2 connection.
 {"metadata":{"emulator":{"name":"firestore"},"message":"Nov 12, 2021 12:57:28 PM io.gapi.emulators.netty.HttpVersionRoutingHandler channelRead\nINFO: Detected non-HTTP/2 connection.\n"}}
[debug] [2021-11-12T11:57:30.444Z] Nov 12, 2021 12:57:30 PM io.gapi.emulators.netty.HttpVersionRoutingHandler channelRead
INFO: Detected non-HTTP/2 connection.
 {"metadata":{"emulator":{"name":"firestore"},"message":"Nov 12, 2021 12:57:30 PM io.gapi.emulators.netty.HttpVersionRoutingHandler channelRead\nINFO: Detected non-HTTP/2 connection.\n"}}
[debug] [2021-11-12T11:57:32.488Z] Nov 12, 2021 12:57:32 PM io.gapi.emulators.netty.HttpVersionRoutingHandler channelRead
INFO: Detected non-HTTP/2 connection.
 {"metadata":{"emulator":{"name":"firestore"},"message":"Nov 12, 2021 12:57:32 PM io.gapi.emulators.netty.HttpVersionRoutingHandler channelRead\nINFO: Detected non-HTTP/2 connection.\n"}}
[debug] [2021-11-12T11:57:34.525Z] Nov 12, 2021 12:57:34 PM io.gapi.emulators.netty.HttpVersionRoutingHandler channelRead
INFO: Detected non-HTTP/2 connection.
 {"metadata":{"emulator":{"name":"firestore"},"message":"Nov 12, 2021 12:57:34 PM io.gapi.emulators.netty.HttpVersionRoutingHandler channelRead\nINFO: Detected non-HTTP/2 connection.\n"}}
[debug] [2021-11-12T11:57:36.565Z] Nov 12, 2021 12:57:36 PM io.gapi.emulators.netty.HttpVersionRoutingHandler channelRead
INFO: Detected non-HTTP/2 connection.
 {"metadata":{"emulator":{"name":"firestore"},"message":"Nov 12, 2021 12:57:36 PM io.gapi.emulators.netty.HttpVersionRoutingHandler channelRead\nINFO: Detected non-HTTP/2 connection.\n"}}
[debug] [2021-11-12T11:57:38.604Z] Nov 12, 2021 12:57:38 PM io.gapi.emulators.netty.HttpVersionRoutingHandler channelRead
INFO: Detected non-HTTP/2 connection.
 {"metadata":{"emulator":{"name":"firestore"},"message":"Nov 12, 2021 12:57:38 PM io.gapi.emulators.netty.HttpVersionRoutingHandler channelRead\nINFO: Detected non-HTTP/2 connection.\n"}}
[debug] [2021-11-12T11:57:40.640Z] Nov 12, 2021 12:57:40 PM io.gapi.emulators.netty.HttpVersionRoutingHandler channelRead
INFO: Detected non-HTTP/2 connection.
 {"metadata":{"emulator":{"name":"firestore"},"message":"Nov 12, 2021 12:57:40 PM io.gapi.emulators.netty.HttpVersionRoutingHandler channelRead\nINFO: Detected non-HTTP/2 connection.\n"}}
