[debug] [2021-11-11T11:35:20.052Z] ----------------------------------------------------------------------
[debug] [2021-11-11T11:35:20.056Z] Command:       /usr/bin/node /usr/bin/firebase deploy --only functions
[debug] [2021-11-11T11:35:20.056Z] CLI Version:   9.21.0
[debug] [2021-11-11T11:35:20.056Z] Platform:      linux
[debug] [2021-11-11T11:35:20.056Z] Node Version:  v12.22.4
[debug] [2021-11-11T11:35:20.057Z] Time:          Thu Nov 11 2021 12:35:20 GMT+0100 (közép-európai téli idő)
[debug] [2021-11-11T11:35:20.057Z] ----------------------------------------------------------------------
[debug] 
[debug] [2021-11-11T11:35:20.136Z] > command requires scopes: ["email","openid","https://www.googleapis.com/auth/cloudplatformprojects.readonly","https://www.googleapis.com/auth/firebase","https://www.googleapis.com/auth/cloud-platform"]
[debug] [2021-11-11T11:35:20.137Z] > authorizing via signed-in user (karpad2@gmail.com)
[debug] [2021-11-11T11:35:20.137Z] [iam] checking project su-library-archive for permissions ["cloudfunctions.functions.create","cloudfunctions.functions.delete","cloudfunctions.functions.get","cloudfunctions.functions.list","cloudfunctions.functions.update","cloudfunctions.operations.get","firebase.projects.get"]
[debug] [2021-11-11T11:35:20.140Z] >>> HTTP REQUEST POST https://cloudresourcemanager.googleapis.com/v1/projects/su-library-archive:testIamPermissions  
 {"permissions":["cloudfunctions.functions.create","cloudfunctions.functions.delete","cloudfunctions.functions.get","cloudfunctions.functions.list","cloudfunctions.functions.update","cloudfunctions.operations.get","firebase.projects.get"]}
[debug] [2021-11-11T11:35:21.170Z] <<< HTTP RESPONSE 200 {"content-type":"application/json; charset=UTF-8","vary":"X-Origin, Referer, Origin,Accept-Encoding","date":"Thu, 11 Nov 2021 11:35:21 GMT","server":"ESF","cache-control":"private","x-xss-protection":"0","x-frame-options":"SAMEORIGIN","x-content-type-options":"nosniff","server-timing":"gfet4t7; dur=766","alt-svc":"h3=\":443\"; ma=2592000,h3-29=\":443\"; ma=2592000,h3-Q050=\":443\"; ma=2592000,h3-Q046=\":443\"; ma=2592000,h3-Q043=\":443\"; ma=2592000,quic=\":443\"; ma=2592000; v=\"46,43\"","accept-ranges":"none","transfer-encoding":"chunked"}
[debug] [2021-11-11T11:35:21.174Z] >>> HTTP REQUEST POST https://iam.googleapis.com/v1/projects/su-library-archive/serviceAccounts/su-library-archive@appspot.gserviceaccount.com:testIamPermissions  
 {"permissions":["iam.serviceAccounts.actAs"]}
[debug] [2021-11-11T11:35:22.141Z] <<< HTTP RESPONSE 200 {"content-type":"application/json; charset=UTF-8","vary":"X-Origin, Referer, Origin,Accept-Encoding","date":"Thu, 11 Nov 2021 11:35:22 GMT","server":"ESF","cache-control":"private","x-xss-protection":"0","x-frame-options":"SAMEORIGIN","x-content-type-options":"nosniff","alt-svc":"h3=\":443\"; ma=2592000,h3-29=\":443\"; ma=2592000,h3-Q050=\":443\"; ma=2592000,h3-Q046=\":443\"; ma=2592000,h3-Q043=\":443\"; ma=2592000,quic=\":443\"; ma=2592000; v=\"46,43\"","accept-ranges":"none","transfer-encoding":"chunked"}
[info] 
[info] === Deploying to 'su-library-archive'...
[info] 
[info] i  deploying functions 
[info] Running command: npm --prefix "$RESOURCE_DIR" run deploy
